2021-10-06 17:47:38,541 - instabot version: 0.117.0 (bot) - INFO - Instabot version: 0.117.0 Started
2021-10-06 17:47:38,541 - instabot version: 0.117.0 (bot) - DEBUG - Bot imported from C:\Users\lenovo\AppData\Local\Programs\Python\Python38\lib\site-packages\instabot\bot\bot.py
2021-10-06 17:47:38,541 - instabot version: 0.117.0 (api_login) - INFO - Not yet logged in starting: PRE-LOGIN FLOW!
2021-10-06 17:47:39,572 - instabot version: 0.117.0 (api) - DEBUG - POST to endpoint: accounts/get_prefill_candidates/ returned response: <Response [200]>
2021-10-06 17:47:40,395 - instabot version: 0.117.0 (api) - DEBUG - POST to endpoint: qe/sync/ returned response: <Response [200]>
2021-10-06 17:47:40,994 - instabot version: 0.117.0 (api) - DEBUG - POST to endpoint: launcher/sync/ returned response: <Response [200]>
2021-10-06 17:47:41,618 - instabot version: 0.117.0 (api) - DEBUG - POST to endpoint: accounts/contact_point_prefill/ returned response: <Response [200]>
2021-10-06 17:47:43,658 - instabot version: 0.117.0 (api) - DEBUG - POST to endpoint: accounts/login/ returned response: <Response [200]>
2021-10-06 17:47:43,658 - instabot version: 0.117.0 (api) - INFO - Logged-in successfully as 'ig_bot_python'!
2021-10-06 17:47:43,658 - instabot version: 0.117.0 (api_login) - INFO - LOGIN FLOW! Just logged-in: True
2021-10-06 17:47:44,284 - instabot version: 0.117.0 (api) - DEBUG - POST to endpoint: qe/sync/ returned response: <Response [200]>
2021-10-06 17:47:44,794 - instabot version: 0.117.0 (api) - DEBUG - POST to endpoint: launcher/sync/ returned response: <Response [200]>
2021-10-06 17:47:45,414 - instabot version: 0.117.0 (api) - DEBUG - GET to endpoint: zr/token/result/?device_id=android-962f1810665f7fd8&token_hash=&custom_device_id=android-962f1810665f7fd8&fetch_reason=token_expired returned response: <Response [200]>
2021-10-06 17:47:46,115 - instabot version: 0.117.0 (api) - DEBUG - GET to endpoint: multiple_accounts/get_account_family/ returned response: <Response [200]>
2021-10-06 17:47:46,728 - instabot version: 0.117.0 (api) - DEBUG - POST to endpoint: qe/sync/ returned response: <Response [200]>
2021-10-06 17:47:47,552 - instabot version: 0.117.0 (api) - DEBUG - GET to endpoint: igtv/browse_feed/?prefetch=1 returned response: <Response [200]>
2021-10-06 17:47:48,367 - instabot version: 0.117.0 (api) - DEBUG - POST to endpoint: creatives/ar_class/ returned response: <Response [200]>
2021-10-06 17:47:48,900 - instabot version: 0.117.0 (api) - DEBUG - POST to endpoint: feed/reels_tray/ returned response: <Response [200]>
2021-10-06 17:47:50,832 - instabot version: 0.117.0 (api) - DEBUG - POST to endpoint: feed/timeline/ returned response: <Response [200]>
2021-10-06 17:47:51,655 - instabot version: 0.117.0 (api) - DEBUG - GET to endpoint: media/blocked/ returned response: <Response [200]>
2021-10-06 17:47:52,681 - instabot version: 0.117.0 (api) - DEBUG - GET to endpoint: news/inbox/ returned response: <Response [200]>
2021-10-06 17:47:53,488 - instabot version: 0.117.0 (api) - DEBUG - GET to endpoint: loom/fetch_config/ returned response: <Response [200]>
2021-10-06 17:47:54,067 - instabot version: 0.117.0 (api) - DEBUG - GET to endpoint: scores/bootstrap/users/?surfaces=["autocomplete_user_list","coefficient_besties_list_ranking","coefficient_rank_recipient_user_suggestion","coefficient_ios_section_test_bootstrap_ranking","coefficient_direct_recipients_ranking_variant_2"] returned response: <Response [200]>
2021-10-06 17:47:54,896 - instabot version: 0.117.0 (api) - DEBUG - GET to endpoint: business/eligibility/get_monetization_products_eligibility_data/?product_types=branded_content returned response: <Response [200]>
2021-10-06 17:47:55,445 - instabot version: 0.117.0 (api) - DEBUG - GET to endpoint: business/branded_content/should_require_professional_account/ returned response: <Response [200]>
2021-10-06 17:47:55,955 - instabot version: 0.117.0 (api) - DEBUG - GET to endpoint: linked_accounts/get_linkage_status/ returned response: <Response [200]>
2021-10-06 17:47:56,974 - instabot version: 0.117.0 (api) - DEBUG - GET to endpoint: locations/request_country/ returned response: <Response [200]>
2021-10-06 17:47:57,688 - instabot version: 0.117.0 (api) - DEBUG - GET to endpoint: qp/get_cooldowns/?signed_body=signed_body=4b9c516a5410a3bc128e09c6104a7f042146b9c2023870560c63a43a7f66781c.4&ig_sig_key_version=4&ig_sig_key_version=4 returned response: <Response [200]>
2021-10-06 17:47:58,305 - instabot version: 0.117.0 (api) - DEBUG - GET to endpoint: users/arlink_download_info/?version_override=2.2.1 returned response: <Response [200]>
2021-10-06 17:47:59,423 - instabot version: 0.117.0 (api) - DEBUG - GET to endpoint: users/49399646361/info/ returned response: <Response [200]>
2021-10-06 17:48:00,254 - instabot version: 0.117.0 (api) - DEBUG - GET to endpoint: direct_v2/get_presence/ returned response: <Response [200]>
2021-10-06 17:48:01,273 - instabot version: 0.117.0 (api) - DEBUG - GET to endpoint: direct_v2/inbox/?visual_message_return_type=unseen&thread_message_limit=10&persistentBadging=true&limit=20 returned response: <Response [200]>
2021-10-06 17:48:02,088 - instabot version: 0.117.0 (api) - DEBUG - GET to endpoint: direct_v2/inbox/?visual_message_return_type=unseen&persistentBadging=true&limit=0 returned response: <Response [200]>
2021-10-06 17:48:02,904 - instabot version: 0.117.0 (api) - DEBUG - GET to endpoint: discover/topical_explore/?is_prefetch=true&omit_cover_media=true&use_sectional_payload=true&timezone_offset=0&session_id=9328f113-84f0-4c77-82cb-dbdb8f4b00ee&include_fixed_destinations=true returned response: <Response [200]>
2021-10-06 17:48:03,725 - instabot version: 0.117.0 (api) - DEBUG - POST to endpoint: notifications/badge/ returned response: <Response [200]>
2021-10-06 17:48:04,754 - instabot version: 0.117.0 (api) - DEBUG - POST to endpoint: qp/batch_fetch/ returned response: <Response [200]>
2021-10-06 17:48:04,754 - instabot version: 0.117.0 (bot_checkpoint) - DEBUG - Loading Checkpoint file from: G:\project\Social_Media_Bot/config/ig_bot_python.checkpoint
2021-10-06 17:49:04,343 - instabot version: 0.117.0 (api) - DEBUG - POST to endpoint: media/configure/? returned response: <Response [200]>
2021-10-06 17:49:05,170 - instabot version: 0.117.0 (api) - DEBUG - POST to endpoint: qe/expose/ returned response: <Response [200]>
2021-10-06 17:49:05,170 - instabot version: 0.117.0 (bot_photo) - INFO - Photo 'G:/project/Social_Media_Bot/resources/images/IMG_20180526_170648_328.jpg' is uploaded.
2021-10-06 17:50:12,038 - instabot version: 0.117.0 (api) - DEBUG - POST to endpoint: media/configure/? returned response: <Response [200]>
2021-10-06 17:50:12,556 - instabot version: 0.117.0 (api) - DEBUG - POST to endpoint: qe/expose/ returned response: <Response [200]>
2021-10-06 17:50:12,556 - instabot version: 0.117.0 (bot_photo) - INFO - Photo 'G:/project/Social_Media_Bot/resources/images/stock_image___blue_space_nebula_by_paradisiacpicture-d7qem1k.jpg' is uploaded.
2021-10-06 17:50:12,556 - instabot version: 0.117.0 (bot_checkpoint) - DEBUG - Saving Checkpoint file to: G:\project\Social_Media_Bot/config/ig_bot_python.checkpoint
2021-10-06 17:50:12,556 - instabot version: 0.117.0 (bot) - INFO - Total requests: 35
