2021-10-15 00:03:21,507 - instabot version: 0.117.0 (bot) - INFO - Instabot version: 0.117.0 Started
2021-10-15 00:03:21,508 - instabot version: 0.117.0 (bot) - DEBUG - Bot imported from C:\Users\lenovo\AppData\Local\Programs\Python\Python38\lib\site-packages\instabot\bot\bot.py
2021-10-15 00:03:21,511 - instabot version: 0.117.0 (api_login) - INFO - Not yet logged in starting: PRE-LOGIN FLOW!
2021-10-15 00:03:22,733 - instabot version: 0.117.0 (api) - DEBUG - POST to endpoint: accounts/get_prefill_candidates/ returned response: <Response [200]>
2021-10-15 00:03:23,311 - instabot version: 0.117.0 (api) - DEBUG - POST to endpoint: qe/sync/ returned response: <Response [200]>
2021-10-15 00:03:23,838 - instabot version: 0.117.0 (api) - DEBUG - POST to endpoint: launcher/sync/ returned response: <Response [200]>
2021-10-15 00:03:24,599 - instabot version: 0.117.0 (api) - DEBUG - POST to endpoint: accounts/contact_point_prefill/ returned response: <Response [200]>
2021-10-15 00:03:26,916 - instabot version: 0.117.0 (api) - DEBUG - POST to endpoint: accounts/login/ returned response: <Response [200]>
2021-10-15 00:03:26,917 - instabot version: 0.117.0 (api) - INFO - Logged-in successfully as 'ig_bot_python'!
2021-10-15 00:03:26,917 - instabot version: 0.117.0 (api_login) - INFO - LOGIN FLOW! Just logged-in: True
2021-10-15 00:03:27,485 - instabot version: 0.117.0 (api) - DEBUG - POST to endpoint: qe/sync/ returned response: <Response [200]>
2021-10-15 00:03:28,124 - instabot version: 0.117.0 (api) - DEBUG - POST to endpoint: launcher/sync/ returned response: <Response [200]>
2021-10-15 00:03:28,762 - instabot version: 0.117.0 (api) - DEBUG - GET to endpoint: zr/token/result/?device_id=android-962f1810665f7fd8&token_hash=&custom_device_id=android-962f1810665f7fd8&fetch_reason=token_expired returned response: <Response [200]>
2021-10-15 00:03:29,401 - instabot version: 0.117.0 (api) - DEBUG - GET to endpoint: multiple_accounts/get_account_family/ returned response: <Response [200]>
2021-10-15 00:03:30,040 - instabot version: 0.117.0 (api) - DEBUG - POST to endpoint: qe/sync/ returned response: <Response [200]>
2021-10-15 00:03:31,078 - instabot version: 0.117.0 (api) - DEBUG - GET to endpoint: igtv/browse_feed/?prefetch=1 returned response: <Response [200]>
2021-10-15 00:03:31,591 - instabot version: 0.117.0 (api) - DEBUG - POST to endpoint: creatives/ar_class/ returned response: <Response [200]>
2021-10-15 00:03:32,281 - instabot version: 0.117.0 (api) - DEBUG - POST to endpoint: feed/reels_tray/ returned response: <Response [200]>
2021-10-15 00:03:47,395 - instabot version: 0.117.0 (api) - DEBUG - POST to endpoint: feed/timeline/ returned response: <Response [200]>
2021-10-15 00:03:47,962 - instabot version: 0.117.0 (api) - DEBUG - GET to endpoint: media/blocked/ returned response: <Response [200]>
2021-10-15 00:03:48,923 - instabot version: 0.117.0 (api) - DEBUG - GET to endpoint: news/inbox/ returned response: <Response [200]>
2021-10-15 00:03:49,561 - instabot version: 0.117.0 (api) - DEBUG - GET to endpoint: loom/fetch_config/ returned response: <Response [200]>
2021-10-15 00:03:50,201 - instabot version: 0.117.0 (api) - DEBUG - GET to endpoint: scores/bootstrap/users/?surfaces=["autocomplete_user_list","coefficient_besties_list_ranking","coefficient_rank_recipient_user_suggestion","coefficient_ios_section_test_bootstrap_ranking","coefficient_direct_recipients_ranking_variant_2"] returned response: <Response [200]>
2021-10-15 00:03:50,845 - instabot version: 0.117.0 (api) - DEBUG - GET to endpoint: business/eligibility/get_monetization_products_eligibility_data/?product_types=branded_content returned response: <Response [200]>
2021-10-15 00:03:51,366 - instabot version: 0.117.0 (api) - DEBUG - GET to endpoint: business/branded_content/should_require_professional_account/ returned response: <Response [200]>
2021-10-15 00:03:52,119 - instabot version: 0.117.0 (api) - DEBUG - GET to endpoint: linked_accounts/get_linkage_status/ returned response: <Response [200]>
2021-10-15 00:03:52,639 - instabot version: 0.117.0 (api) - DEBUG - GET to endpoint: locations/request_country/ returned response: <Response [200]>
2021-10-15 00:03:53,399 - instabot version: 0.117.0 (api) - DEBUG - GET to endpoint: qp/get_cooldowns/?signed_body=signed_body=4b9c516a5410a3bc128e09c6104a7f042146b9c2023870560c63a43a7f66781c.4&ig_sig_key_version=4&ig_sig_key_version=4 returned response: <Response [200]>
2021-10-15 00:03:54,042 - instabot version: 0.117.0 (api) - DEBUG - GET to endpoint: users/arlink_download_info/?version_override=2.2.1 returned response: <Response [200]>
2021-10-15 00:03:55,797 - instabot version: 0.117.0 (api) - DEBUG - GET to endpoint: users/49399646361/info/ returned response: <Response [200]>
2021-10-15 00:03:56,721 - instabot version: 0.117.0 (api) - DEBUG - GET to endpoint: direct_v2/get_presence/ returned response: <Response [200]>
2021-10-15 00:03:57,763 - instabot version: 0.117.0 (api) - DEBUG - GET to endpoint: direct_v2/inbox/?visual_message_return_type=unseen&thread_message_limit=10&persistentBadging=true&limit=20 returned response: <Response [200]>
2021-10-15 00:03:58,562 - instabot version: 0.117.0 (api) - DEBUG - GET to endpoint: direct_v2/inbox/?visual_message_return_type=unseen&persistentBadging=true&limit=0 returned response: <Response [200]>
2021-10-15 00:04:00,796 - instabot version: 0.117.0 (api) - DEBUG - GET to endpoint: discover/topical_explore/?is_prefetch=true&omit_cover_media=true&use_sectional_payload=true&timezone_offset=0&session_id=2d319bdb-d7f6-4a4d-b2cc-28f2ab0f423a&include_fixed_destinations=true returned response: <Response [200]>
2021-10-15 00:04:01,846 - instabot version: 0.117.0 (api) - DEBUG - POST to endpoint: notifications/badge/ returned response: <Response [200]>
2021-10-15 00:04:02,863 - instabot version: 0.117.0 (api) - DEBUG - POST to endpoint: qp/batch_fetch/ returned response: <Response [200]>
2021-10-15 00:04:02,871 - instabot version: 0.117.0 (bot_checkpoint) - DEBUG - Loading Checkpoint file from: G:\project\Social_Media_Bot/config/ig_bot_python.checkpoint
2021-10-15 00:05:08,900 - instabot version: 0.117.0 (api) - DEBUG - POST to endpoint: media/configure/? returned response: <Response [200]>
2021-10-15 00:05:09,627 - instabot version: 0.117.0 (api) - DEBUG - POST to endpoint: qe/expose/ returned response: <Response [200]>
2021-10-15 00:05:09,635 - instabot version: 0.117.0 (bot_photo) - INFO - Photo 'G:/project/Social_Media_Bot/resources/images/nd music.jpg' is uploaded.
2021-10-15 00:05:09,651 - instabot version: 0.117.0 (bot_checkpoint) - DEBUG - Saving Checkpoint file to: G:\project\Social_Media_Bot/config/ig_bot_python.checkpoint
2021-10-15 00:05:09,715 - instabot version: 0.117.0 (bot) - INFO - Total requests: 37
